Traceback (most recent call last):
  File "C:\Users\larsenyg\AppData\Local\Programs\Python\Python310\lib\site-packages\jupyter_cache\executors\utils.py", line 58, in single_nb_execution
    executenb(
  File "C:\Users\larsenyg\AppData\Local\Programs\Python\Python310\lib\site-packages\nbclient\client.py", line 1204, in execute
    return NotebookClient(nb=nb, resources=resources, km=km, **kwargs).execute()
  File "C:\Users\larsenyg\AppData\Local\Programs\Python\Python310\lib\site-packages\nbclient\util.py", line 84, in wrapped
    return just_run(coro(*args, **kwargs))
  File "C:\Users\larsenyg\AppData\Local\Programs\Python\Python310\lib\site-packages\nbclient\util.py", line 62, in just_run
    return loop.run_until_complete(coro)
  File "C:\Users\larsenyg\AppData\Local\Programs\Python\Python310\lib\asyncio\base_events.py", line 649, in run_until_complete
    return future.result()
  File "C:\Users\larsenyg\AppData\Local\Programs\Python\Python310\lib\site-packages\nbclient\client.py", line 663, in async_execute
    await self.async_execute_cell(
  File "C:\Users\larsenyg\AppData\Local\Programs\Python\Python310\lib\site-packages\nbclient\client.py", line 965, in async_execute_cell
    await self._check_raise_for_error(cell, cell_index, exec_reply)
  File "C:\Users\larsenyg\AppData\Local\Programs\Python\Python310\lib\site-packages\nbclient\client.py", line 862, in _check_raise_for_error
    raise CellExecutionError.from_cell_and_msg(cell, exec_reply_content)
nbclient.exceptions.CellExecutionError: An error occurred while executing the following cell:
------------------
import scipy
from scipy.integrate import simpson
from numpy import trapz

# Beregner arealet udner kurven ved bruk av trapesmetoden.
area1_30 = trapz( stab_data['gz'][0:4] , dx= np.radians(10))
print("Areal ved trapesmetoden =", "%.5f" % area1_30 , '[mrad]')

# Beregner arealet udner kurven ved bruk av Simpsonmetoden.
area2_30 = simpson(stab_data['gz'][0:4] , dx = np.radians(10))
print("Areal ved Simpsonmetoden =", "%.5f" % area2_30 , '[mrad]')
diff_30 = (area1_30 -area2_30)/ area1_30 * 100 
print('Differansen mellom trapes og Simpson:', "%.2f" % diff_30   , '%')
dnv_30 = 0.055
if min(area1_30, area2_30) >= dnv_30:
    print('Arealet under GZ-kurven mellom 0 og 30 grader er OK ihht DNV kravet') 
else:
    print('Arealet under GZ-kurven mellom 0 og 30 grader er IKKE OK ihht DNV kravet')
------------------

[1;31m---------------------------------------------------------------------------[0m
[1;31mModuleNotFoundError[0m                       Traceback (most recent call last)
Cell [1;32mIn [11], line 1[0m
[1;32m----> 1[0m [38;5;28;01mimport[39;00m [38;5;21;01mscipy[39;00m
[0;32m      2[0m [38;5;28;01mfrom[39;00m [38;5;21;01mscipy[39;00m[38;5;21;01m.[39;00m[38;5;21;01mintegrate[39;00m [38;5;28;01mimport[39;00m simpson
[0;32m      3[0m [38;5;28;01mfrom[39;00m [38;5;21;01mnumpy[39;00m [38;5;28;01mimport[39;00m trapz

[1;31mModuleNotFoundError[0m: No module named 'scipy'
ModuleNotFoundError: No module named 'scipy'

